<?xml version="1.0" encoding="UTF-8"?>
<!-- Generated by org.testng.reporters.JUnitReportReporter -->
<testsuite hostname="BHUKRK329133L" failures="0" tests="3" name="com.qa.java.Demo03_TestNG_Dependencies" time="0.013" errors="0" timestamp="2020-10-19T22:00:10 IST" skipped="0">
  <testcase classname="com.qa.java.Demo03_TestNG_Dependencies" name="dashboard" time="0.001"/>
  <system-out/>
  <testcase classname="com.qa.java.Demo03_TestNG_Dependencies" name="logout" time="0.002"/>
  <system-out/>
  <testcase classname="com.qa.java.Demo03_TestNG_Dependencies" name="login" time="0.010"/>
  <system-out/>
</testsuite> <!-- com.qa.java.Demo03_TestNG_Dependencies -->
